<?xml version="1.0" encoding="UTF-8"?>
<!-- Generated by org.testng.reporters.JUnitReportReporter -->
<testsuite skipped="0" hostname="Sams-MBP.fios-router.home" name="com.TestPackage.TestDemo" tests="4" failures="0" timestamp="30 Mar 2020 23:14:57 GMT" time="0.011" errors="0">
  <testcase name="multi" time="0.001" classname="com.TestPackage.TestDemo"/>
  <testcase name="sub" time="0.001" classname="com.TestPackage.TestDemo"/>
  <testcase name="div" time="0.008" classname="com.TestPackage.TestDemo"/>
  <testcase name="sum" time="0.001" classname="com.TestPackage.TestDemo"/>
</testsuite> <!-- com.TestPackage.TestDemo -->
