<?xml version="1.0" encoding="UTF-8"?>
<!-- Generated by org.testng.reporters.JUnitReportReporter -->
<testsuite skipped="0" hostname="Sams-MBP.fios-router.home" name="com.TestPackage.TestDemoOne" tests="4" failures="0" timestamp="02 Apr 2020 02:08:29 GMT" time="0.005" errors="0">
  <testcase name="sub" time="0.000" classname="com.TestPackage.TestDemoOne"/>
  <testcase name="multi" time="0.000" classname="com.TestPackage.TestDemoOne"/>
  <testcase name="div" time="0.005" classname="com.TestPackage.TestDemoOne"/>
  <testcase name="sum" time="0.000" classname="com.TestPackage.TestDemoOne"/>
</testsuite> <!-- com.TestPackage.TestDemoOne -->
